{
  "0 debug pnpm:scope": {
    "selected": 1
  },
  "1 error pnpm": {
    "shortMessage": "Command failed with exit code 1: /nix/store/773a48k1pdiik1vir9difc1j8psa4sn7-pnpm-7.0.0/bin/pnpm add --version --global --global-dir=/tmp/nix-shell.KChH30/dlx-392871 --dir=/tmp/nix-shell.KChH30/dlx-392871 --config.global-bin-dir=/tmp/nix-shell.KChH30/dlx-392871/bin",
    "command": "/nix/store/773a48k1pdiik1vir9difc1j8psa4sn7-pnpm-7.0.0/bin/pnpm add --version --global --global-dir=/tmp/nix-shell.KChH30/dlx-392871 --dir=/tmp/nix-shell.KChH30/dlx-392871 --config.global-bin-dir=/tmp/nix-shell.KChH30/dlx-392871/bin",
    "escapedCommand": "\"/nix/store/773a48k1pdiik1vir9difc1j8psa4sn7-pnpm-7.0.0/bin/pnpm\" add --version --global \"--global-dir=/tmp/nix-shell.KChH30/dlx-392871\" \"--dir=/tmp/nix-shell.KChH30/dlx-392871\" \"--config.global-bin-dir=/tmp/nix-shell.KChH30/dlx-392871/bin\"",
    "exitCode": 1,
    "failed": true,
    "timedOut": false,
    "isCanceled": false,
    "killed": false,
    "err": {
      "name": "pnpm",
      "message": "Command failed with exit code 1: /nix/store/773a48k1pdiik1vir9difc1j8psa4sn7-pnpm-7.0.0/bin/pnpm add --version --global --global-dir=/tmp/nix-shell.KChH30/dlx-392871 --dir=/tmp/nix-shell.KChH30/dlx-392871 --config.global-bin-dir=/tmp/nix-shell.KChH30/dlx-392871/bin",
      "stack": "pnpm: Command failed with exit code 1: /nix/store/773a48k1pdiik1vir9difc1j8psa4sn7-pnpm-7.0.0/bin/pnpm add --version --global --global-dir=/tmp/nix-shell.KChH30/dlx-392871 --dir=/tmp/nix-shell.KChH30/dlx-392871 --config.global-bin-dir=/tmp/nix-shell.KChH30/dlx-392871/bin\n    at makeError (/nix/store/773a48k1pdiik1vir9difc1j8psa4sn7-pnpm-7.0.0/lib/node_modules/pnpm/dist/pnpx.cjs:36810:17)\n    at handlePromise (/nix/store/773a48k1pdiik1vir9difc1j8psa4sn7-pnpm-7.0.0/lib/node_modules/pnpm/dist/pnpx.cjs:37381:33)\n    at processTicksAndRejections (internal/process/task_queues.js:95:5)\n    at async Object.handler [as dlx] (/nix/store/773a48k1pdiik1vir9difc1j8psa4sn7-pnpm-7.0.0/lib/node_modules/pnpm/dist/pnpx.cjs:169994:7)\n    at async /nix/store/773a48k1pdiik1vir9difc1j8psa4sn7-pnpm-7.0.0/lib/node_modules/pnpm/dist/pnpx.cjs:175391:21\n    at async run (/nix/store/773a48k1pdiik1vir9difc1j8psa4sn7-pnpm-7.0.0/lib/node_modules/pnpm/dist/pnpx.cjs:175365:34)\n    at async /nix/store/773a48k1pdiik1vir9difc1j8psa4sn7-pnpm-7.0.0/lib/node_modules/pnpm/dist/pnpx.cjs:175437:5"
    }
  }
}
